<?xml version="1.0" encoding="UTF-8"?>
<!-- Generated by org.testng.reporters.JUnitReportReporter -->
<testsuite skipped="0" hostname="Administrator" name="jenkinpackage.DoubleClick" tests="1" failures="0" timestamp="29 Jan 2019 06:48:58 GMT" time="16.391" errors="0">
  <testcase name="doubleclick" time="16.391" classname="jenkinpackage.DoubleClick"/>
</testsuite> <!-- jenkinpackage.DoubleClick -->
