<?xml version="1.0" encoding="UTF-8"?>
<!-- Generated by org.testng.reporters.JUnitReportReporter -->
<testsuite skipped="0" hostname="Administrator" name="jenkinpackage.New1" tests="1" failures="0" timestamp="14 Jan 2019 07:27:27 GMT" time="20.096" errors="0">
  <testcase name="landingpage" time="20.096" classname="jenkinpackage.New1"/>
</testsuite> <!-- jenkinpackage.New1 -->
